2021-01-12 18:09:09 11624 [Note] Plugin 'FEDERATED' is disabled.
2021-01-12 18:09:09 11624 [Note] InnoDB: Using atomics to ref count buffer pool pages
2021-01-12 18:09:09 11624 [Note] InnoDB: The InnoDB memory heap is disabled
2021-01-12 18:09:09 11624 [Note] InnoDB: Mutexes and rw_locks use Windows interlocked functions
2021-01-12 18:09:09 11624 [Note] InnoDB: Memory barrier is not used
2021-01-12 18:09:09 11624 [Note] InnoDB: Compressed tables use zlib 1.2.3
2021-01-12 18:09:09 11624 [Note] InnoDB: Not using CPU crc32 instructions
2021-01-12 18:09:09 11624 [Note] InnoDB: Initializing buffer pool, size = 128.0M
2021-01-12 18:09:09 11624 [Note] InnoDB: Completed initialization of buffer pool
2021-01-12 18:09:09 11624 [Note] InnoDB: Setting log file C:\Users\john doe\Desktop\Website\usbwebserver\mysql\data\ib_logfile101 size to 5 MB
2021-01-12 18:09:10 11624 [Note] InnoDB: Setting log file C:\Users\john doe\Desktop\Website\usbwebserver\mysql\data\ib_logfile1 size to 5 MB
2021-01-12 18:09:11 11624 [Note] InnoDB: Renaming log file C:\Users\john doe\Desktop\Website\usbwebserver\mysql\data\ib_logfile101 to C:\Users\john doe\Desktop\Website\usbwebserver\mysql\data\ib_logfile0
2021-01-12 18:09:11 11624 [Warning] InnoDB: New log files created, LSN=1626134
2021-01-12 18:09:11 11624 [Note] InnoDB: Highest supported file format is Barracuda.
2021-01-12 18:09:11 2f48 InnoDB: Error: page 5 log sequence number 1626646
InnoDB: is in the future! Current system log sequence number 1626636.
InnoDB: Your database may be corrupt or you may have copied the InnoDB
InnoDB: tablespace but not the InnoDB log files. See
InnoDB: http://dev.mysql.com/doc/refman/5.6/en/forcing-innodb-recovery.html
InnoDB: for more information.
2021-01-12 18:09:11 11624 [Note] InnoDB: 128 rollback segment(s) are active.
2021-01-12 18:09:11 11624 [Note] InnoDB: Waiting for purge to start
2021-01-12 18:09:11 11624 [Note] InnoDB: 5.6.34 started; log sequence number 1626636
2021-01-12 18:09:11 11624 [Warning] No existing UUID has been found, so we assume that this is the first time that this server has been started. Generating a new UUID: 8230d007-54f0-11eb-9766-08979878d277.
2021-01-12 18:09:12 11624 [Note] Server hostname (bind-address): '*'; port: 3306
2021-01-12 18:09:12 11624 [Note] IPv6 is available.
2021-01-12 18:09:12 11624 [Note]   - '::' resolves to '::';
2021-01-12 18:09:12 11624 [Note] Server socket created on IP: '::'.
2021-01-12 20:38:06 10008 [Note] Plugin 'FEDERATED' is disabled.
2021-01-12 20:38:06 10008 [Note] InnoDB: Using atomics to ref count buffer pool pages
2021-01-12 20:38:06 10008 [Note] InnoDB: The InnoDB memory heap is disabled
2021-01-12 20:38:06 10008 [Note] InnoDB: Mutexes and rw_locks use Windows interlocked functions
2021-01-12 20:38:06 10008 [Note] InnoDB: Memory barrier is not used
2021-01-12 20:38:06 10008 [Note] InnoDB: Compressed tables use zlib 1.2.3
2021-01-12 20:38:06 10008 [Note] InnoDB: Not using CPU crc32 instructions
2021-01-12 20:38:06 10008 [Note] InnoDB: Initializing buffer pool, size = 128.0M
2021-01-12 20:38:06 10008 [Note] InnoDB: Completed initialization of buffer pool
2021-01-12 20:38:06 10008 [ERROR] InnoDB: C:\Users\john doe\Desktop\Website\usbwebserver\mysql\data\ibdata1 can't be opened in read-write mode
2021-01-12 20:38:06 10008 [ERROR] InnoDB: The system tablespace must be writable!
2021-01-12 20:38:06 10008 [ERROR] Plugin 'InnoDB' init function returned error.
2021-01-12 20:38:06 10008 [ERROR] Plugin 'InnoDB' registration as a STORAGE ENGINE failed.
2021-01-12 20:38:06 10008 [ERROR] Unknown/unsupported storage engine: InnoDB
2021-01-12 20:38:06 10008 [ERROR] Aborting

2021-01-12 20:38:06 10008 [Note] Binlog end
2021-01-12 20:38:06 10008 [Note] Shutting down plugin 'partition'
2021-01-12 20:38:06 10008 [Note] Shutting down plugin 'PERFORMANCE_SCHEMA'
2021-01-12 20:38:06 10008 [Note] Shutting down plugin 'INNODB_SYS_DATAFILES'
2021-01-12 20:38:06 10008 [Note] Shutting down plugin 'INNODB_SYS_TABLESPACES'
2021-01-12 20:38:06 10008 [Note] Shutting down plugin 'INNODB_SYS_FOREIGN_COLS'
2021-01-12 20:38:06 10008 [Note] Shutting down plugin 'INNODB_SYS_FOREIGN'
2021-01-12 20:38:06 10008 [Note] Shutting down plugin 'INNODB_SYS_FIELDS'
2021-01-12 20:38:06 10008 [Note] Shutting down plugin 'INNODB_SYS_COLUMNS'
2021-01-12 20:38:06 10008 [Note] Shutting down plugin 'INNODB_SYS_INDEXES'
2021-01-12 20:38:06 10008 [Note] Shutting down plugin 'INNODB_SYS_TABLESTATS'
2021-01-12 20:38:06 10008 [Note] Shutting down plugin 'INNODB_SYS_TABLES'
2021-01-12 20:38:06 10008 [Note] Shutting down plugin 'INNODB_FT_INDEX_TABLE'
2021-01-12 20:38:06 10008 [Note] Shutting down plugin 'INNODB_FT_INDEX_CACHE'
2021-01-12 20:38:06 10008 [Note] Shutting down plugin 'INNODB_FT_CONFIG'
2021-01-12 20:38:06 10008 [Note] Shutting down plugin 'INNODB_FT_BEING_DELETED'
2021-01-12 20:38:06 10008 [Note] Shutting down plugin 'INNODB_FT_DELETED'
2021-01-12 20:38:06 10008 [Note] Shutting down plugin 'INNODB_FT_DEFAULT_STOPWORD'
2021-01-12 20:38:06 10008 [Note] Shutting down plugin 'INNODB_METRICS'
2021-01-12 20:38:06 10008 [Note] Shutting down plugin 'INNODB_BUFFER_POOL_STATS'
2021-01-12 20:38:06 10008 [Note] Shutting down plugin 'INNODB_BUFFER_PAGE_LRU'
2021-01-12 20:38:06 10008 [Note] Shutting down plugin 'INNODB_BUFFER_PAGE'
2021-01-12 20:38:06 10008 [Note] Shutting down plugin 'INNODB_CMP_PER_INDEX_RESET'
2021-01-12 20:38:06 10008 [Note] Shutting down plugin 'INNODB_CMP_PER_INDEX'
2021-01-12 20:38:06 10008 [Note] Shutting down plugin 'INNODB_CMPMEM_RESET'
2021-01-12 20:38:06 10008 [Note] Shutting down plugin 'INNODB_CMPMEM'
2021-01-12 20:38:06 10008 [Note] Shutting down plugin 'INNODB_CMP_RESET'
2021-01-12 20:38:06 10008 [Note] Shutting down plugin 'INNODB_CMP'
2021-01-12 20:38:06 10008 [Note] Shutting down plugin 'INNODB_LOCK_WAITS'
2021-01-12 20:38:06 10008 [Note] Shutting down plugin 'INNODB_LOCKS'
2021-01-12 20:38:06 10008 [Note] Shutting down plugin 'INNODB_TRX'
2021-01-12 20:38:06 10008 [Note] Shutting down plugin 'BLACKHOLE'
2021-01-12 20:38:06 10008 [Note] Shutting down plugin 'ARCHIVE'
2021-01-12 20:38:06 10008 [Note] Shutting down plugin 'MRG_MYISAM'
2021-01-12 20:38:06 10008 [Note] Shutting down plugin 'MyISAM'
2021-01-12 20:38:06 10008 [Note] Shutting down plugin 'MEMORY'
2021-01-12 20:38:06 10008 [Note] Shutting down plugin 'CSV'
2021-01-12 20:38:06 10008 [Note] Shutting down plugin 'sha256_password'
2021-01-12 20:38:06 10008 [Note] Shutting down plugin 'mysql_old_password'
2021-01-12 20:38:06 10008 [Note] Shutting down plugin 'mysql_native_password'
2021-01-12 20:38:06 10008 [Note] Shutting down plugin 'binlog'
2021-01-12 20:38:06 10008 [Note] C:\Users\john doe\Desktop\Website\usbwebserver/mysql/bin/mysqld_usbwv8.exe: Shutdown complete

2021-01-16 12:41:24 11384 [Note] Plugin 'FEDERATED' is disabled.
2021-01-16 12:41:24 11384 [Note] InnoDB: Using atomics to ref count buffer pool pages
2021-01-16 12:41:24 11384 [Note] InnoDB: The InnoDB memory heap is disabled
2021-01-16 12:41:24 11384 [Note] InnoDB: Mutexes and rw_locks use Windows interlocked functions
2021-01-16 12:41:24 11384 [Note] InnoDB: Memory barrier is not used
2021-01-16 12:41:24 11384 [Note] InnoDB: Compressed tables use zlib 1.2.3
2021-01-16 12:41:24 11384 [Note] InnoDB: Not using CPU crc32 instructions
2021-01-16 12:41:25 11384 [Note] InnoDB: Initializing buffer pool, size = 128.0M
2021-01-16 12:41:25 11384 [Note] InnoDB: Completed initialization of buffer pool
2021-01-16 12:41:25 11384 [Note] InnoDB: Highest supported file format is Barracuda.
2021-01-16 12:41:25 11384 [Note] InnoDB: The log sequence numbers 1626134 and 1626134 in ibdata files do not match the log sequence number 1716603 in the ib_logfiles!
2021-01-16 12:41:25 11384 [Note] InnoDB: Database was not shutdown normally!
2021-01-16 12:41:25 11384 [Note] InnoDB: Starting crash recovery.
2021-01-16 12:41:25 11384 [Note] InnoDB: Reading tablespace information from the .ibd files...
2021-01-16 12:41:25 11384 [Note] InnoDB: Restoring possible half-written data pages 
2021-01-16 12:41:25 11384 [Note] InnoDB: from the doublewrite buffer...
2021-01-16 12:41:26 11384 [Note] InnoDB: 128 rollback segment(s) are active.
2021-01-16 12:41:26 11384 [Note] InnoDB: Waiting for purge to start
2021-01-16 12:41:26 11384 [Note] InnoDB: 5.6.34 started; log sequence number 1716603
2021-01-16 12:41:26 11384 [Note] Server hostname (bind-address): '*'; port: 3306
2021-01-16 12:41:26 11384 [Note] IPv6 is available.
2021-01-16 12:41:26 11384 [Note]   - '::' resolves to '::';
2021-01-16 12:41:26 11384 [Note] Server socket created on IP: '::'.
2021-01-17 10:38:40 1724 [Note] Plugin 'FEDERATED' is disabled.
2021-01-17 10:38:40 1724 [Note] InnoDB: Using atomics to ref count buffer pool pages
2021-01-17 10:38:40 1724 [Note] InnoDB: The InnoDB memory heap is disabled
2021-01-17 10:38:40 1724 [Note] InnoDB: Mutexes and rw_locks use Windows interlocked functions
2021-01-17 10:38:40 1724 [Note] InnoDB: Memory barrier is not used
2021-01-17 10:38:40 1724 [Note] InnoDB: Compressed tables use zlib 1.2.3
2021-01-17 10:38:40 1724 [Note] InnoDB: Not using CPU crc32 instructions
2021-01-17 10:38:40 1724 [Note] InnoDB: Initializing buffer pool, size = 128.0M
2021-01-17 10:38:41 1724 [Note] InnoDB: Completed initialization of buffer pool
2021-01-17 10:38:41 1724 [Note] InnoDB: Highest supported file format is Barracuda.
2021-01-17 10:38:41 1724 [Note] InnoDB: The log sequence numbers 1626134 and 1626134 in ibdata files do not match the log sequence number 5687163 in the ib_logfiles!
2021-01-17 10:38:41 1724 [Note] InnoDB: Database was not shutdown normally!
2021-01-17 10:38:41 1724 [Note] InnoDB: Starting crash recovery.
2021-01-17 10:38:41 1724 [Note] InnoDB: Reading tablespace information from the .ibd files...
2021-01-17 10:38:42 1724 [Note] InnoDB: Restoring possible half-written data pages 
2021-01-17 10:38:42 1724 [Note] InnoDB: from the doublewrite buffer...
2021-01-17 10:38:46 1724 [Note] InnoDB: 128 rollback segment(s) are active.
2021-01-17 10:38:46 1724 [Note] InnoDB: Waiting for purge to start
2021-01-17 10:38:46 1724 [Note] InnoDB: 5.6.34 started; log sequence number 5687163
2021-01-17 10:38:46 1724 [Note] Server hostname (bind-address): '*'; port: 3306
2021-01-17 10:38:46 1724 [Note] IPv6 is available.
2021-01-17 10:38:46 1724 [Note]   - '::' resolves to '::';
2021-01-17 10:38:46 1724 [Note] Server socket created on IP: '::'.
2021-01-17 18:48:52 11764 [Note] Plugin 'FEDERATED' is disabled.
2021-01-17 18:48:52 11764 [Note] InnoDB: Using atomics to ref count buffer pool pages
2021-01-17 18:48:52 11764 [Note] InnoDB: The InnoDB memory heap is disabled
2021-01-17 18:48:52 11764 [Note] InnoDB: Mutexes and rw_locks use Windows interlocked functions
2021-01-17 18:48:52 11764 [Note] InnoDB: Memory barrier is not used
2021-01-17 18:48:52 11764 [Note] InnoDB: Compressed tables use zlib 1.2.3
2021-01-17 18:48:52 11764 [Note] InnoDB: Not using CPU crc32 instructions
2021-01-17 18:48:52 11764 [Note] InnoDB: Initializing buffer pool, size = 128.0M
2021-01-17 18:48:52 11764 [Note] InnoDB: Completed initialization of buffer pool
2021-01-17 18:48:52 11764 [ERROR] InnoDB: C:\Users\john doe\Desktop\Website\usbwebserver\mysql\data\ibdata1 can't be opened in read-write mode
2021-01-17 18:48:52 11764 [ERROR] InnoDB: The system tablespace must be writable!
2021-01-17 18:48:52 11764 [ERROR] Plugin 'InnoDB' init function returned error.
2021-01-17 18:48:52 11764 [ERROR] Plugin 'InnoDB' registration as a STORAGE ENGINE failed.
2021-01-17 18:48:52 11764 [ERROR] Unknown/unsupported storage engine: InnoDB
2021-01-17 18:48:52 11764 [ERROR] Aborting

2021-01-17 18:48:52 11764 [Note] Binlog end
2021-01-17 18:48:52 11764 [Note] Shutting down plugin 'partition'
2021-01-17 18:48:52 11764 [Note] Shutting down plugin 'PERFORMANCE_SCHEMA'
2021-01-17 18:48:52 11764 [Note] Shutting down plugin 'INNODB_SYS_DATAFILES'
2021-01-17 18:48:52 11764 [Note] Shutting down plugin 'INNODB_SYS_TABLESPACES'
2021-01-17 18:48:52 11764 [Note] Shutting down plugin 'INNODB_SYS_FOREIGN_COLS'
2021-01-17 18:48:52 11764 [Note] Shutting down plugin 'INNODB_SYS_FOREIGN'
2021-01-17 18:48:52 11764 [Note] Shutting down plugin 'INNODB_SYS_FIELDS'
2021-01-17 18:48:52 11764 [Note] Shutting down plugin 'INNODB_SYS_COLUMNS'
2021-01-17 18:48:52 11764 [Note] Shutting down plugin 'INNODB_SYS_INDEXES'
2021-01-17 18:48:52 11764 [Note] Shutting down plugin 'INNODB_SYS_TABLESTATS'
2021-01-17 18:48:52 11764 [Note] Shutting down plugin 'INNODB_SYS_TABLES'
2021-01-17 18:48:52 11764 [Note] Shutting down plugin 'INNODB_FT_INDEX_TABLE'
2021-01-17 18:48:52 11764 [Note] Shutting down plugin 'INNODB_FT_INDEX_CACHE'
2021-01-17 18:48:52 11764 [Note] Shutting down plugin 'INNODB_FT_CONFIG'
2021-01-17 18:48:52 11764 [Note] Shutting down plugin 'INNODB_FT_BEING_DELETED'
2021-01-17 18:48:52 11764 [Note] Shutting down plugin 'INNODB_FT_DELETED'
2021-01-17 18:48:52 11764 [Note] Shutting down plugin 'INNODB_FT_DEFAULT_STOPWORD'
2021-01-17 18:48:52 11764 [Note] Shutting down plugin 'INNODB_METRICS'
2021-01-17 18:48:52 11764 [Note] Shutting down plugin 'INNODB_BUFFER_POOL_STATS'
2021-01-17 18:48:52 11764 [Note] Shutting down plugin 'INNODB_BUFFER_PAGE_LRU'
2021-01-17 18:48:52 11764 [Note] Shutting down plugin 'INNODB_BUFFER_PAGE'
2021-01-17 18:48:52 11764 [Note] Shutting down plugin 'INNODB_CMP_PER_INDEX_RESET'
2021-01-17 18:48:52 11764 [Note] Shutting down plugin 'INNODB_CMP_PER_INDEX'
2021-01-17 18:48:52 11764 [Note] Shutting down plugin 'INNODB_CMPMEM_RESET'
2021-01-17 18:48:52 11764 [Note] Shutting down plugin 'INNODB_CMPMEM'
2021-01-17 18:48:52 11764 [Note] Shutting down plugin 'INNODB_CMP_RESET'
2021-01-17 18:48:52 11764 [Note] Shutting down plugin 'INNODB_CMP'
2021-01-17 18:48:52 11764 [Note] Shutting down plugin 'INNODB_LOCK_WAITS'
2021-01-17 18:48:52 11764 [Note] Shutting down plugin 'INNODB_LOCKS'
2021-01-17 18:48:52 11764 [Note] Shutting down plugin 'INNODB_TRX'
2021-01-17 18:48:52 11764 [Note] Shutting down plugin 'BLACKHOLE'
2021-01-17 18:48:52 11764 [Note] Shutting down plugin 'ARCHIVE'
2021-01-17 18:48:52 11764 [Note] Shutting down plugin 'MRG_MYISAM'
2021-01-17 18:48:52 11764 [Note] Shutting down plugin 'MyISAM'
2021-01-17 18:48:52 11764 [Note] Shutting down plugin 'MEMORY'
2021-01-17 18:48:52 11764 [Note] Shutting down plugin 'CSV'
2021-01-17 18:48:52 11764 [Note] Shutting down plugin 'sha256_password'
2021-01-17 18:48:52 11764 [Note] Shutting down plugin 'mysql_old_password'
2021-01-17 18:48:52 11764 [Note] Shutting down plugin 'mysql_native_password'
2021-01-17 18:48:52 11764 [Note] Shutting down plugin 'binlog'
2021-01-17 18:48:52 11764 [Note] C:\Users\john doe\Desktop\Website\usbwebserver/mysql/bin/mysqld_usbwv8.exe: Shutdown complete

2021-01-17 18:58:45 3116 [Note] Plugin 'FEDERATED' is disabled.
2021-01-17 18:58:45 3116 [Note] InnoDB: Using atomics to ref count buffer pool pages
2021-01-17 18:58:45 3116 [Note] InnoDB: The InnoDB memory heap is disabled
2021-01-17 18:58:45 3116 [Note] InnoDB: Mutexes and rw_locks use Windows interlocked functions
2021-01-17 18:58:45 3116 [Note] InnoDB: Memory barrier is not used
2021-01-17 18:58:45 3116 [Note] InnoDB: Compressed tables use zlib 1.2.3
2021-01-17 18:58:45 3116 [Note] InnoDB: Not using CPU crc32 instructions
2021-01-17 18:58:45 3116 [Note] InnoDB: Initializing buffer pool, size = 128.0M
2021-01-17 18:58:45 3116 [Note] InnoDB: Completed initialization of buffer pool
2021-01-17 18:58:45 3116 [Note] InnoDB: Highest supported file format is Barracuda.
2021-01-17 18:58:45 3116 [Note] InnoDB: The log sequence numbers 1626134 and 1626134 in ibdata files do not match the log sequence number 35193738 in the ib_logfiles!
2021-01-17 18:58:45 3116 [Note] InnoDB: Database was not shutdown normally!
2021-01-17 18:58:45 3116 [Note] InnoDB: Starting crash recovery.
2021-01-17 18:58:45 3116 [Note] InnoDB: Reading tablespace information from the .ibd files...
2021-01-17 18:58:45 3116 [Note] InnoDB: Restoring possible half-written data pages 
2021-01-17 18:58:45 3116 [Note] InnoDB: from the doublewrite buffer...
2021-01-17 18:58:46 3116 [Note] InnoDB: 128 rollback segment(s) are active.
2021-01-17 18:58:46 3116 [Note] InnoDB: Waiting for purge to start
2021-01-17 18:58:47 3116 [Note] InnoDB: 5.6.34 started; log sequence number 35193738
2021-01-17 18:58:47 3116 [Note] Server hostname (bind-address): '*'; port: 3306
2021-01-17 18:58:47 3116 [Note] IPv6 is available.
2021-01-17 18:58:47 3116 [Note]   - '::' resolves to '::';
2021-01-17 18:58:47 3116 [Note] Server socket created on IP: '::'.
2021-01-18 07:09:33 3420 [Note] Plugin 'FEDERATED' is disabled.
2021-01-18 07:09:33 3420 [Note] InnoDB: Using atomics to ref count buffer pool pages
2021-01-18 07:09:33 3420 [Note] InnoDB: The InnoDB memory heap is disabled
2021-01-18 07:09:33 3420 [Note] InnoDB: Mutexes and rw_locks use Windows interlocked functions
2021-01-18 07:09:33 3420 [Note] InnoDB: Memory barrier is not used
2021-01-18 07:09:33 3420 [Note] InnoDB: Compressed tables use zlib 1.2.3
2021-01-18 07:09:33 3420 [Note] InnoDB: Not using CPU crc32 instructions
2021-01-18 07:09:33 3420 [Note] InnoDB: Initializing buffer pool, size = 128.0M
2021-01-18 07:09:33 3420 [Note] InnoDB: Completed initialization of buffer pool
2021-01-18 07:09:33 3420 [Note] InnoDB: Highest supported file format is Barracuda.
2021-01-18 07:09:33 3420 [Note] InnoDB: The log sequence numbers 1626134 and 1626134 in ibdata files do not match the log sequence number 39093217 in the ib_logfiles!
2021-01-18 07:09:33 3420 [Note] InnoDB: Database was not shutdown normally!
2021-01-18 07:09:33 3420 [Note] InnoDB: Starting crash recovery.
2021-01-18 07:09:33 3420 [Note] InnoDB: Reading tablespace information from the .ibd files...
2021-01-18 07:09:33 3420 [Note] InnoDB: Restoring possible half-written data pages 
2021-01-18 07:09:33 3420 [Note] InnoDB: from the doublewrite buffer...
2021-01-18 07:09:36 3420 [Note] InnoDB: 128 rollback segment(s) are active.
2021-01-18 07:09:36 3420 [Note] InnoDB: Waiting for purge to start
2021-01-18 07:09:36 3420 [Note] InnoDB: 5.6.34 started; log sequence number 39093217
2021-01-18 07:09:36 3420 [Note] Server hostname (bind-address): '*'; port: 3306
2021-01-18 07:09:36 3420 [Note] IPv6 is available.
2021-01-18 07:09:36 3420 [Note]   - '::' resolves to '::';
2021-01-18 07:09:36 3420 [Note] Server socket created on IP: '::'.
2021-01-19 12:41:01 14248 [Note] Plugin 'FEDERATED' is disabled.
2021-01-19 12:41:01 14248 [Note] InnoDB: Using atomics to ref count buffer pool pages
2021-01-19 12:41:01 14248 [Note] InnoDB: The InnoDB memory heap is disabled
2021-01-19 12:41:01 14248 [Note] InnoDB: Mutexes and rw_locks use Windows interlocked functions
2021-01-19 12:41:01 14248 [Note] InnoDB: Memory barrier is not used
2021-01-19 12:41:01 14248 [Note] InnoDB: Compressed tables use zlib 1.2.3
2021-01-19 12:41:01 14248 [Note] InnoDB: Not using CPU crc32 instructions
2021-01-19 12:41:01 14248 [Note] InnoDB: Initializing buffer pool, size = 128.0M
2021-01-19 12:41:01 14248 [Note] InnoDB: Completed initialization of buffer pool
2021-01-19 12:41:01 14248 [Note] InnoDB: Highest supported file format is Barracuda.
2021-01-19 12:41:01 14248 [Note] InnoDB: The log sequence numbers 1626134 and 1626134 in ibdata files do not match the log sequence number 61752245 in the ib_logfiles!
2021-01-19 12:41:01 14248 [Note] InnoDB: Database was not shutdown normally!
2021-01-19 12:41:01 14248 [Note] InnoDB: Starting crash recovery.
2021-01-19 12:41:01 14248 [Note] InnoDB: Reading tablespace information from the .ibd files...
2021-01-19 12:41:01 14248 [Note] InnoDB: Restoring possible half-written data pages 
2021-01-19 12:41:01 14248 [Note] InnoDB: from the doublewrite buffer...
2021-01-19 12:41:02 14248 [Note] InnoDB: 128 rollback segment(s) are active.
2021-01-19 12:41:03 14248 [Note] InnoDB: Waiting for purge to start
2021-01-19 12:41:03 14248 [Note] InnoDB: 5.6.34 started; log sequence number 61752245
2021-01-19 12:41:03 14248 [Note] Server hostname (bind-address): '*'; port: 3306
2021-01-19 12:41:03 14248 [Note] IPv6 is available.
2021-01-19 12:41:03 14248 [Note]   - '::' resolves to '::';
2021-01-19 12:41:03 14248 [Note] Server socket created on IP: '::'.
2021-01-20 12:08:01 17284 [Note] Plugin 'FEDERATED' is disabled.
2021-01-20 12:08:01 17284 [Note] InnoDB: Using atomics to ref count buffer pool pages
2021-01-20 12:08:01 17284 [Note] InnoDB: The InnoDB memory heap is disabled
2021-01-20 12:08:01 17284 [Note] InnoDB: Mutexes and rw_locks use Windows interlocked functions
2021-01-20 12:08:01 17284 [Note] InnoDB: Memory barrier is not used
2021-01-20 12:08:01 17284 [Note] InnoDB: Compressed tables use zlib 1.2.3
2021-01-20 12:08:01 17284 [Note] InnoDB: Not using CPU crc32 instructions
2021-01-20 12:08:01 17284 [Note] InnoDB: Initializing buffer pool, size = 128.0M
2021-01-20 12:08:01 17284 [Note] InnoDB: Completed initialization of buffer pool
2021-01-20 12:08:01 17284 [Note] InnoDB: Highest supported file format is Barracuda.
2021-01-20 12:08:01 17284 [Note] InnoDB: The log sequence numbers 1626134 and 1626134 in ibdata files do not match the log sequence number 61755986 in the ib_logfiles!
2021-01-20 12:08:01 17284 [Note] InnoDB: Database was not shutdown normally!
2021-01-20 12:08:01 17284 [Note] InnoDB: Starting crash recovery.
2021-01-20 12:08:01 17284 [Note] InnoDB: Reading tablespace information from the .ibd files...
2021-01-20 12:08:02 17284 [Note] InnoDB: Restoring possible half-written data pages 
2021-01-20 12:08:02 17284 [Note] InnoDB: from the doublewrite buffer...
2021-01-20 12:08:09 17284 [Note] InnoDB: 128 rollback segment(s) are active.
2021-01-20 12:08:09 17284 [Note] InnoDB: Waiting for purge to start
2021-01-20 12:08:10 17284 [Note] InnoDB: 5.6.34 started; log sequence number 61755986
2021-01-20 12:08:10 17284 [Note] Server hostname (bind-address): '*'; port: 3306
2021-01-20 12:08:10 17284 [Note] IPv6 is available.
2021-01-20 12:08:10 17284 [Note]   - '::' resolves to '::';
2021-01-20 12:08:10 17284 [Note] Server socket created on IP: '::'.
2021-01-20 12:22:12 13152 [Note] Plugin 'FEDERATED' is disabled.
2021-01-20 12:22:12 13152 [Note] InnoDB: Using atomics to ref count buffer pool pages
2021-01-20 12:22:12 13152 [Note] InnoDB: The InnoDB memory heap is disabled
2021-01-20 12:22:12 13152 [Note] InnoDB: Mutexes and rw_locks use Windows interlocked functions
2021-01-20 12:22:12 13152 [Note] InnoDB: Memory barrier is not used
2021-01-20 12:22:12 13152 [Note] InnoDB: Compressed tables use zlib 1.2.3
2021-01-20 12:22:12 13152 [Note] InnoDB: Not using CPU crc32 instructions
2021-01-20 12:22:12 13152 [Note] InnoDB: Initializing buffer pool, size = 128.0M
2021-01-20 12:22:12 13152 [Note] InnoDB: Completed initialization of buffer pool
2021-01-20 12:22:12 13152 [Note] InnoDB: Highest supported file format is Barracuda.
2021-01-20 12:22:12 13152 [Note] InnoDB: The log sequence numbers 1626134 and 1626134 in ibdata files do not match the log sequence number 61755996 in the ib_logfiles!
2021-01-20 12:22:12 13152 [Note] InnoDB: Database was not shutdown normally!
2021-01-20 12:22:12 13152 [Note] InnoDB: Starting crash recovery.
2021-01-20 12:22:12 13152 [Note] InnoDB: Reading tablespace information from the .ibd files...
2021-01-20 12:22:12 13152 [Note] InnoDB: Restoring possible half-written data pages 
2021-01-20 12:22:12 13152 [Note] InnoDB: from the doublewrite buffer...
2021-01-20 12:22:13 13152 [Note] InnoDB: 128 rollback segment(s) are active.
2021-01-20 12:22:13 13152 [Note] InnoDB: Waiting for purge to start
2021-01-20 12:22:13 13152 [Note] InnoDB: 5.6.34 started; log sequence number 61755996
2021-01-20 12:22:13 13152 [Note] Server hostname (bind-address): '*'; port: 3306
2021-01-20 12:22:13 13152 [Note] IPv6 is available.
2021-01-20 12:22:13 13152 [Note]   - '::' resolves to '::';
2021-01-20 12:22:13 13152 [Note] Server socket created on IP: '::'.
2021-01-20 18:44:40 4884 [Note] Plugin 'FEDERATED' is disabled.
2021-01-20 18:44:40 4884 [Note] InnoDB: Using atomics to ref count buffer pool pages
2021-01-20 18:44:40 4884 [Note] InnoDB: The InnoDB memory heap is disabled
2021-01-20 18:44:40 4884 [Note] InnoDB: Mutexes and rw_locks use Windows interlocked functions
2021-01-20 18:44:40 4884 [Note] InnoDB: Memory barrier is not used
2021-01-20 18:44:40 4884 [Note] InnoDB: Compressed tables use zlib 1.2.3
2021-01-20 18:44:40 4884 [Note] InnoDB: Not using CPU crc32 instructions
2021-01-20 18:44:40 4884 [Note] InnoDB: Initializing buffer pool, size = 128.0M
2021-01-20 18:44:40 4884 [Note] InnoDB: Completed initialization of buffer pool
2021-01-20 18:44:40 4884 [Note] InnoDB: Highest supported file format is Barracuda.
2021-01-20 18:44:40 4884 [Note] InnoDB: The log sequence numbers 1626134 and 1626134 in ibdata files do not match the log sequence number 61756006 in the ib_logfiles!
2021-01-20 18:44:40 4884 [Note] InnoDB: Database was not shutdown normally!
2021-01-20 18:44:40 4884 [Note] InnoDB: Starting crash recovery.
2021-01-20 18:44:40 4884 [Note] InnoDB: Reading tablespace information from the .ibd files...
2021-01-20 18:44:40 4884 [Note] InnoDB: Restoring possible half-written data pages 
2021-01-20 18:44:40 4884 [Note] InnoDB: from the doublewrite buffer...
2021-01-20 18:44:41 4884 [Note] InnoDB: 128 rollback segment(s) are active.
2021-01-20 18:44:41 4884 [Note] InnoDB: Waiting for purge to start
2021-01-20 18:44:41 4884 [Note] InnoDB: 5.6.34 started; log sequence number 61756006
2021-01-20 18:44:41 4884 [Note] Server hostname (bind-address): '*'; port: 3306
2021-01-20 18:44:41 4884 [Note] IPv6 is available.
2021-01-20 18:44:41 4884 [Note]   - '::' resolves to '::';
2021-01-20 18:44:41 4884 [Note] Server socket created on IP: '::'.
2021-01-20 19:14:03 9100 [Note] Plugin 'FEDERATED' is disabled.
2021-01-20 19:14:03 9100 [Note] InnoDB: Using atomics to ref count buffer pool pages
2021-01-20 19:14:03 9100 [Note] InnoDB: The InnoDB memory heap is disabled
2021-01-20 19:14:03 9100 [Note] InnoDB: Mutexes and rw_locks use Windows interlocked functions
2021-01-20 19:14:03 9100 [Note] InnoDB: Memory barrier is not used
2021-01-20 19:14:03 9100 [Note] InnoDB: Compressed tables use zlib 1.2.3
2021-01-20 19:14:03 9100 [Note] InnoDB: Not using CPU crc32 instructions
2021-01-20 19:14:03 9100 [Note] InnoDB: Initializing buffer pool, size = 128.0M
2021-01-20 19:14:03 9100 [Note] InnoDB: Completed initialization of buffer pool
2021-01-20 19:14:03 9100 [Note] InnoDB: Highest supported file format is Barracuda.
2021-01-20 19:14:03 9100 [Note] InnoDB: The log sequence numbers 1626134 and 1626134 in ibdata files do not match the log sequence number 61756691 in the ib_logfiles!
2021-01-20 19:14:03 9100 [Note] InnoDB: Database was not shutdown normally!
2021-01-20 19:14:03 9100 [Note] InnoDB: Starting crash recovery.
2021-01-20 19:14:03 9100 [Note] InnoDB: Reading tablespace information from the .ibd files...
2021-01-20 19:14:04 9100 [Note] InnoDB: Restoring possible half-written data pages 
2021-01-20 19:14:04 9100 [Note] InnoDB: from the doublewrite buffer...
2021-01-20 19:14:06 9100 [Note] InnoDB: 128 rollback segment(s) are active.
2021-01-20 19:14:06 9100 [Note] InnoDB: Waiting for purge to start
2021-01-20 19:14:07 9100 [Note] InnoDB: 5.6.34 started; log sequence number 61756691
2021-01-20 19:14:07 9100 [Note] Server hostname (bind-address): '*'; port: 3306
2021-01-20 19:14:07 9100 [Note] IPv6 is available.
2021-01-20 19:14:07 9100 [Note]   - '::' resolves to '::';
2021-01-20 19:14:07 9100 [Note] Server socket created on IP: '::'.
2021-01-20 19:28:18 5720 [Note] Plugin 'FEDERATED' is disabled.
2021-01-20 19:28:18 5720 [Note] InnoDB: Using atomics to ref count buffer pool pages
2021-01-20 19:28:18 5720 [Note] InnoDB: The InnoDB memory heap is disabled
2021-01-20 19:28:18 5720 [Note] InnoDB: Mutexes and rw_locks use Windows interlocked functions
2021-01-20 19:28:18 5720 [Note] InnoDB: Memory barrier is not used
2021-01-20 19:28:18 5720 [Note] InnoDB: Compressed tables use zlib 1.2.3
2021-01-20 19:28:18 5720 [Note] InnoDB: Not using CPU crc32 instructions
2021-01-20 19:28:18 5720 [Note] InnoDB: Initializing buffer pool, size = 128.0M
2021-01-20 19:28:18 5720 [Note] InnoDB: Completed initialization of buffer pool
2021-01-20 19:28:18 5720 [Note] InnoDB: Highest supported file format is Barracuda.
2021-01-20 19:28:19 5720 [Note] InnoDB: The log sequence numbers 1626134 and 1626134 in ibdata files do not match the log sequence number 61756701 in the ib_logfiles!
2021-01-20 19:28:19 5720 [Note] InnoDB: Database was not shutdown normally!
2021-01-20 19:28:19 5720 [Note] InnoDB: Starting crash recovery.
2021-01-20 19:28:19 5720 [Note] InnoDB: Reading tablespace information from the .ibd files...
2021-01-20 19:28:19 5720 [Note] InnoDB: Restoring possible half-written data pages 
2021-01-20 19:28:19 5720 [Note] InnoDB: from the doublewrite buffer...
2021-01-20 19:28:19 5720 [Note] InnoDB: 128 rollback segment(s) are active.
2021-01-20 19:28:19 5720 [Note] InnoDB: Waiting for purge to start
2021-01-20 19:28:19 5720 [Note] InnoDB: 5.6.34 started; log sequence number 61756701
2021-01-20 19:28:19 5720 [Note] Server hostname (bind-address): '*'; port: 3306
2021-01-20 19:28:19 5720 [Note] IPv6 is available.
2021-01-20 19:28:19 5720 [Note]   - '::' resolves to '::';
2021-01-20 19:28:19 5720 [Note] Server socket created on IP: '::'.
